[2021-12-01 21:41:15] [WARNING] Logger properties file not found - using default settings 
[2021-12-01 21:41:15] [INFO   ] parsing manager config... 
[2021-12-01 21:41:15] [INFO   ] creating pipeline components... 
[2021-12-01 21:41:15] [INFO   ] starting processing... 
[2021-12-01 21:41:15] [INFO   ] successfully finished processing 
[2021-12-01 21:43:38] [WARNING] Logger properties file not found - using default settings 
[2021-12-01 21:43:38] [INFO   ] parsing manager config... 
[2021-12-01 21:43:38] [INFO   ] creating pipeline components... 
[2021-12-01 21:43:38] [SEVERE ] Some semantic error in manager config file. 
[2021-12-01 21:46:11] [WARNING] Logger properties file not found - using default settings 
[2021-12-01 21:46:11] [INFO   ] parsing manager config... 
[2021-12-01 21:46:11] [INFO   ] creating pipeline components... 
[2021-12-01 21:46:11] [INFO   ] starting processing... 
[2021-12-01 21:46:11] [INFO   ] successfully finished processing 
[2021-12-01 21:48:11] [WARNING] Logger properties file not found - using default settings 
[2021-12-01 21:48:11] [INFO   ] parsing manager config... 
[2021-12-01 21:48:11] [INFO   ] Creating pipeline components... 
[2021-12-01 21:48:11] [INFO   ] Starting processing... 
[2021-12-01 21:48:11] [INFO   ] Successfully finished processing 
[2021-12-03 20:01:23] [WARNING] Logger properties file not found - using default settings 
[2021-12-03 20:01:23] [INFO   ] parsing manager config... 
[2021-12-03 20:01:23] [INFO   ] Creating pipeline components... 
[2021-12-03 20:01:23] [INFO   ] Starting processing... 
[2021-12-03 20:04:21] [WARNING] Logger properties file not found - using default settings 
[2021-12-03 20:04:22] [INFO   ] parsing manager config... 
[2021-12-03 20:04:22] [INFO   ] Creating pipeline components... 
[2021-12-03 20:04:22] [INFO   ] Starting processing... 
[2021-12-03 20:05:45] [WARNING] Logger properties file not found - using default settings 
[2021-12-03 20:05:45] [INFO   ] parsing manager config... 
[2021-12-03 20:05:45] [INFO   ] Creating pipeline components... 
[2021-12-03 20:05:46] [INFO   ] Starting processing... 
[2021-12-03 20:05:46] [INFO   ] Successfully finished processing 
[2021-12-03 20:05:47] [WARNING] Logger properties file not found - using default settings 
[2021-12-03 20:05:47] [INFO   ] parsing manager config... 
[2021-12-03 20:05:47] [INFO   ] Creating pipeline components... 
[2021-12-03 20:05:47] [INFO   ] Starting processing... 
[2021-12-03 20:05:47] [INFO   ] Successfully finished processing 
[2021-12-03 20:18:47] [WARNING] Logger properties file not found - using default settings 
[2021-12-03 20:18:47] [INFO   ] parsing manager config... 
[2021-12-03 20:18:47] [INFO   ] Creating pipeline components... 
[2021-12-03 20:18:47] [INFO   ] Starting processing... 
[2021-12-03 20:18:47] [INFO   ] Successfully finished processing 
[2021-12-03 20:24:58] [WARNING] Logger properties file not found - using default settings 
[2021-12-03 20:24:58] [INFO   ] parsing manager config... 
[2021-12-03 20:24:58] [INFO   ] Creating pipeline components... 
[2021-12-03 20:24:58] [INFO   ] Starting processing... 
[2021-12-03 20:24:58] [INFO   ] Successfully finished processing 
[2021-12-04 00:24:27] [WARNING] Logger properties file not found - using default settings 
[2021-12-04 00:24:27] [INFO   ] parsing manager config... 
[2021-12-04 00:24:27] [INFO   ] Creating pipeline components... 
[2021-12-04 00:24:27] [INFO   ] Starting processing... 
[2021-12-04 00:24:27] [INFO   ] Successfully finished processing 
[2021-12-04 00:25:05] [WARNING] Logger properties file not found - using default settings 
[2021-12-04 00:25:05] [INFO   ] parsing manager config... 
[2021-12-04 00:25:05] [INFO   ] Creating pipeline components... 
[2021-12-04 00:25:05] [SEVERE ] Can't make instance of reader. 
[2021-12-04 00:25:05] [SEVERE ] Can't make instance of reader. 
[2021-12-04 00:25:51] [WARNING] Logger properties file not found - using default settings 
[2021-12-04 00:25:51] [INFO   ] parsing manager config... 
[2021-12-04 00:25:52] [INFO   ] Creating pipeline components... 
[2021-12-04 00:25:52] [INFO   ] Starting processing... 
[2021-12-04 00:25:52] [INFO   ] Successfully finished processing 
[2021-12-04 00:32:05] [WARNING] Logger properties file not found - using default settings 
[2021-12-04 00:32:05] [INFO   ] parsing manager config... 
[2021-12-04 00:32:05] [INFO   ] Creating pipeline components... 
[2021-12-04 00:32:05] [INFO   ] Starting processing... 
[2021-12-04 00:32:05] [INFO   ] Successfully finished processing 
[2021-12-04 00:34:32] [WARNING] Logger properties file not found - using default settings 
[2021-12-04 00:34:32] [INFO   ] parsing manager config... 
[2021-12-04 00:34:32] [INFO   ] Creating pipeline components... 
[2021-12-04 00:34:32] [INFO   ] Starting processing... 
[2021-12-04 00:34:32] [INFO   ] Successfully finished processing 
[2021-12-04 00:35:37] [WARNING] Logger properties file not found - using default settings 
[2021-12-04 00:35:37] [INFO   ] parsing manager config... 
[2021-12-04 00:35:37] [INFO   ] Creating pipeline components... 
[2021-12-04 00:35:37] [INFO   ] Starting processing... 
[2021-12-04 00:35:37] [INFO   ] Successfully finished processing 
[2021-12-04 00:36:43] [WARNING] Logger properties file not found - using default settings 
[2021-12-04 00:36:43] [INFO   ] parsing manager config... 
[2021-12-04 00:36:43] [INFO   ] Creating pipeline components... 
[2021-12-04 00:36:43] [INFO   ] Starting processing... 
[2021-12-04 00:36:43] [INFO   ] Successfully finished processing 
[2021-12-04 00:42:12] [WARNING] Logger properties file not found - using default settings 
[2021-12-04 00:42:12] [INFO   ] parsing manager config... 
[2021-12-04 00:42:12] [INFO   ] Creating pipeline components... 
[2021-12-04 00:42:12] [INFO   ] Starting processing... 
[2021-12-04 00:42:12] [INFO   ] Successfully finished processing 
[2021-12-04 00:42:29] [WARNING] Logger properties file not found - using default settings 
[2021-12-04 00:42:29] [INFO   ] parsing manager config... 
[2021-12-04 00:42:29] [INFO   ] Creating pipeline components... 
[2021-12-04 00:47:29] [WARNING] Logger properties file not found - using default settings 
[2021-12-04 00:47:29] [INFO   ] parsing manager config... 
[2021-12-04 00:47:29] [INFO   ] Creating pipeline components... 
[2021-12-04 00:54:39] [WARNING] Logger properties file not found - using default settings 
[2021-12-04 00:54:39] [INFO   ] parsing manager config... 
[2021-12-04 00:54:39] [INFO   ] Creating pipeline components... 
[2021-12-04 00:54:39] [INFO   ] Starting processing... 
[2021-12-04 00:54:39] [INFO   ] Successfully finished processing 
[2021-12-04 01:28:41] [WARNING] Logger properties file not found - using default settings 
[2021-12-04 01:28:41] [INFO   ] parsing manager config... 
[2021-12-04 01:28:41] [INFO   ] Creating pipeline components... 
[2021-12-04 01:28:41] [SEVERE ] Can't make instance of reader. 
[2021-12-04 01:28:41] [SEVERE ] Can't make instance of reader. 
[2021-12-04 01:29:37] [WARNING] Logger properties file not found - using default settings 
[2021-12-04 01:29:37] [INFO   ] parsing manager config... 
[2021-12-04 01:29:37] [INFO   ] Creating pipeline components... 
[2021-12-04 01:29:37] [INFO   ] Starting processing... 
[2021-12-04 01:29:37] [INFO   ] Successfully finished processing 
